<?xml version="1.0" encoding="UTF-8"?>
<!-- Generated by org.testng.reporters.JUnitXMLReporter -->
<testsuite ignored="3" hostname="DESKTOP-R5D2F14" failures="0" tests="1" name="Default test(failed)" time="14.88" errors="0" timestamp="2022-06-21T01:48:21 GMT-07:00">
  <testcase classname="assignment.TestClass1" name="loginwithInvalidUsername" time="1.318"/>
  <testcase classname="assignment.TestClass1" name="LoginWithBlankData" time="0.0">
    <ignored/>
  </testcase> <!-- LoginWithBlankData -->
  <testcase classname="assignment.TestClass1" name="loginWithInValidPassword" time="0.0">
    <ignored/>
  </testcase> <!-- loginWithInValidPassword -->
  <testcase classname="assignment.TestClass1" name="loginWithValidCredentials" time="0.0">
    <ignored/>
  </testcase> <!-- loginWithValidCredentials -->
</testsuite> <!-- Default test(failed) -->
