<?xml version="1.0" encoding="UTF-8"?>
<!-- Generated by org.testng.reporters.JUnitXMLReporter -->
<testsuite ignored="0" hostname="DESKTOP-R5D2F14" failures="0" tests="4" name="Default test" time="15.678" errors="0" timestamp="2022-07-02T04:16:51 GMT-07:00">
  <testcase classname="assignment.TestClass1" name="LoginWithBlankData" time="0.282"/>
  <testcase classname="assignment.TestClass1" name="loginwithInvalidUsername" time="1.812"/>
  <testcase classname="assignment.TestClass1" name="loginWithInValidPassword" time="1.302"/>
  <testcase classname="assignment.TestClass1" name="loginWithValidCredentials" time="3.586"/>
</testsuite> <!-- Default test -->
