<?xml version="1.0" encoding="UTF-8"?>
<!-- Generated by org.testng.reporters.JUnitXMLReporter -->
<testsuite ignored="0" hostname="DESKTOP-R5D2F14" failures="0" tests="8" name="Test" time="0.137" errors="0" timestamp="2022-06-23T09:09:33 GMT-07:00">
  <testcase classname="testNGListeners.ListenerXMLLevel2" name="Assam" time="0.011"/>
  <testcase classname="testNGListeners.ListenerXMLLevel2" name="Gujrat" time="0.002"/>
  <testcase classname="testNGListeners.ListenerXMLLevel2" name="Maharashtra" time="0.002"/>
  <testcase classname="testNGListeners.ListenerXMLLevel2" name="Rajasthan" time="0.002"/>
  <testcase classname="testNGListeners.ListenerXMlLevel" name="Gitanjali" time="0.001"/>
  <testcase classname="testNGListeners.ListenerXMlLevel" name="Kakinada" time="0.001"/>
  <testcase classname="testNGListeners.ListenerXMlLevel" name="Nandigram" time="0.004"/>
  <testcase classname="testNGListeners.ListenerXMlLevel" name="Sabarmati" time="0.014"/>
</testsuite> <!-- Test -->
