<?xml version="1.0" encoding="UTF-8"?>
<testng-results ignored="0" total="4" passed="4" failed="0" skipped="0">
  <reporter-output>
    <line>
      <![CDATA[Warning Message for username textbox is as expected]]>
    </line>
    <line>
      <![CDATA[Warning Message for password textbox is as expected]]>
    </line>
    <line>
      <![CDATA[InValid username Valid password not accepted --Warning Message displayed properly]]>
    </line>
    <line>
      <![CDATA[Valid username Invalid password not accepted --Warning Message displayed properly]]>
    </line>
    <line>
      <![CDATA[Login Successful using valid data TC Passed]]>
    </line>
  </reporter-output>
  <suite started-at="2022-07-02T04:16:36 GMT-07:00" name="Default suite" finished-at="2022-07-02T04:16:51 GMT-07:00" duration-ms="15678">
    <groups>
    </groups>
    <test started-at="2022-07-02T04:16:36 GMT-07:00" name="Default test" finished-at="2022-07-02T04:16:51 GMT-07:00" duration-ms="15678">
      <class name="assignment.TestClass1">
        <test-method is-config="true" signature="launchBrowser()[pri:0, instance:assignment.TestClass1@5d534f5d]" started-at="2022-07-02T04:16:36 GMT-07:00" name="launchBrowser" finished-at="2022-07-02T04:16:44 GMT-07:00" duration-ms="8600" status="PASS">
          <reporter-output>
          </reporter-output>
        </test-method> <!-- launchBrowser -->
        <test-method signature="LoginWithBlankData()[pri:1, instance:assignment.TestClass1@5d534f5d]" started-at="2022-07-02T04:16:44 GMT-07:00" name="LoginWithBlankData" finished-at="2022-07-02T04:16:45 GMT-07:00" duration-ms="282" status="PASS">
          <reporter-output>
            <line>
              <![CDATA[Warning Message for username textbox is as expected]]>
            </line>
            <line>
              <![CDATA[Warning Message for password textbox is as expected]]>
            </line>
          </reporter-output>
        </test-method> <!-- LoginWithBlankData -->
        <test-method signature="loginwithInvalidUsername()[pri:2, instance:assignment.TestClass1@5d534f5d]" started-at="2022-07-02T04:16:45 GMT-07:00" name="loginwithInvalidUsername" finished-at="2022-07-02T04:16:46 GMT-07:00" duration-ms="1812" status="PASS">
          <reporter-output>
            <line>
              <![CDATA[InValid username Valid password not accepted --Warning Message displayed properly]]>
            </line>
          </reporter-output>
        </test-method> <!-- loginwithInvalidUsername -->
        <test-method signature="loginWithInValidPassword()[pri:3, instance:assignment.TestClass1@5d534f5d]" started-at="2022-07-02T04:16:46 GMT-07:00" name="loginWithInValidPassword" finished-at="2022-07-02T04:16:48 GMT-07:00" duration-ms="1302" status="PASS">
          <reporter-output>
            <line>
              <![CDATA[Valid username Invalid password not accepted --Warning Message displayed properly]]>
            </line>
          </reporter-output>
        </test-method> <!-- loginWithInValidPassword -->
        <test-method signature="loginWithValidCredentials()[pri:4, instance:assignment.TestClass1@5d534f5d]" started-at="2022-07-02T04:16:48 GMT-07:00" name="loginWithValidCredentials" finished-at="2022-07-02T04:16:51 GMT-07:00" duration-ms="3586" status="PASS">
          <reporter-output>
            <line>
              <![CDATA[Login Successful using valid data TC Passed]]>
            </line>
          </reporter-output>
        </test-method> <!-- loginWithValidCredentials -->
      </class> <!-- assignment.TestClass1 -->
    </test> <!-- Default test -->
  </suite> <!-- Default suite -->
</testng-results>
